<?xml version="1.0" encoding="UTF-8"?>
<!-- Generated by org.testng.reporters.JUnitReportReporter -->
<testsuite hostname="DESKTOP-MMIJ5KE" failures="0" tests="1" name="tests.LoginTest" time="2.688" errors="0" timestamp="2023-04-05T21:39:26 IST" skipped="0">
  <testcase classname="tests.LoginTest" name="loginTest" time="2.688"/>
  <system-out/>
</testsuite> <!-- tests.LoginTest -->
