<?xml version="1.0" encoding="UTF-8"?>
<!-- Generated by org.testng.reporters.JUnitReportReporter -->
<testsuite hostname="DESKTOP-MMIJ5KE" failures="0" tests="1" name="tests.dummy" time="1.368" errors="0" timestamp="2023-04-05T21:32:50 IST" skipped="0">
  <testcase classname="tests.dummy" name="readexcel" time="1.368"/>
  <system-out/>
</testsuite> <!-- tests.dummy -->
